mode: set
project-prism/server/internal/apiauth/context.go:13.84,15.2 1 1
project-prism/server/internal/apiauth/context.go:17.78,20.2 2 1
project-prism/server/internal/apiauth/middleware.go:22.56,24.2 1 1
project-prism/server/internal/apiauth/middleware.go:26.68,27.71 1 1
project-prism/server/internal/apiauth/middleware.go:27.71,29.19 2 1
project-prism/server/internal/apiauth/middleware.go:29.19,32.4 2 1
project-prism/server/internal/apiauth/middleware.go:34.3,35.40 2 1
project-prism/server/internal/apiauth/middleware.go:35.40,38.4 2 1
project-prism/server/internal/apiauth/middleware.go:39.3,39.17 1 1
project-prism/server/internal/apiauth/middleware.go:39.17,42.4 2 1
project-prism/server/internal/apiauth/middleware.go:43.3,43.51 1 1
project-prism/server/internal/apiauth/middleware.go:43.51,46.4 2 1
project-prism/server/internal/apiauth/middleware.go:48.3,48.70 1 1
project-prism/server/internal/apiauth/middleware.go:52.48,53.49 1 1
project-prism/server/internal/apiauth/middleware.go:53.49,55.3 1 1
project-prism/server/internal/apiauth/middleware.go:57.2,58.69 2 1
project-prism/server/internal/apiauth/middleware.go:58.69,60.3 1 1
project-prism/server/internal/apiauth/middleware.go:62.2,62.11 1 1
project-prism/server/internal/handlers/applications.go:29.68,31.2 1 1
project-prism/server/internal/handlers/applications.go:42.77,44.61 2 1
project-prism/server/internal/handlers/applications.go:44.61,47.3 2 1
project-prism/server/internal/handlers/applications.go:49.2,50.20 2 1
project-prism/server/internal/handlers/applications.go:50.20,53.3 2 1
project-prism/server/internal/handlers/applications.go:55.2,56.16 2 1
project-prism/server/internal/handlers/applications.go:56.16,59.3 2 0
project-prism/server/internal/handlers/applications.go:61.2,62.16 2 1
project-prism/server/internal/handlers/applications.go:62.16,65.3 2 1
project-prism/server/internal/handlers/applications.go:67.2,67.42 1 1
project-prism/server/internal/handlers/applications.go:70.75,72.16 2 1
project-prism/server/internal/handlers/applications.go:72.16,75.3 2 1
project-prism/server/internal/handlers/applications.go:78.2,78.17 1 1
project-prism/server/internal/handlers/applications.go:78.17,80.3 1 1
project-prism/server/internal/handlers/applications.go:82.2,82.38 1 1
project-prism/server/internal/handlers/applications.go:85.78,89.39 3 1
project-prism/server/internal/handlers/applications.go:89.39,92.3 2 1
project-prism/server/internal/handlers/applications.go:93.2,93.16 1 1
project-prism/server/internal/handlers/applications.go:93.16,96.3 2 1
project-prism/server/internal/handlers/applications.go:98.2,98.37 1 1
project-prism/server/internal/handlers/applications.go:101.77,105.61 3 1
project-prism/server/internal/handlers/applications.go:105.61,108.3 2 1
project-prism/server/internal/handlers/applications.go:110.2,111.20 2 1
project-prism/server/internal/handlers/applications.go:111.20,114.3 2 1
project-prism/server/internal/handlers/applications.go:115.2,115.46 1 1
project-prism/server/internal/handlers/applications.go:115.46,118.3 2 1
project-prism/server/internal/handlers/applications.go:120.2,124.39 2 1
project-prism/server/internal/handlers/applications.go:124.39,127.3 2 1
project-prism/server/internal/handlers/applications.go:128.2,128.16 1 1
project-prism/server/internal/handlers/applications.go:128.16,131.3 2 0
project-prism/server/internal/handlers/applications.go:133.2,133.37 1 1
project-prism/server/internal/handlers/applications.go:136.77,139.56 2 1
project-prism/server/internal/handlers/applications.go:139.56,140.40 1 1
project-prism/server/internal/handlers/applications.go:140.40,143.4 2 1
project-prism/server/internal/handlers/applications.go:144.3,145.9 2 1
project-prism/server/internal/handlers/applications.go:148.2,148.37 1 1
project-prism/server/internal/handlers/assignments.go:24.65,26.2 1 1
project-prism/server/internal/handlers/assignments.go:33.76,35.9 2 1
project-prism/server/internal/handlers/assignments.go:35.9,38.3 2 1
project-prism/server/internal/handlers/assignments.go:40.2,41.61 2 1
project-prism/server/internal/handlers/assignments.go:41.61,44.3 2 1
project-prism/server/internal/handlers/assignments.go:46.2,49.22 3 1
project-prism/server/internal/handlers/assignments.go:49.22,52.3 2 1
project-prism/server/internal/handlers/assignments.go:53.2,53.29 1 1
project-prism/server/internal/handlers/assignments.go:53.29,56.3 2 1
project-prism/server/internal/handlers/assignments.go:58.2,63.39 2 1
project-prism/server/internal/handlers/assignments.go:63.39,66.3 2 1
project-prism/server/internal/handlers/assignments.go:67.2,67.42 1 1
project-prism/server/internal/handlers/assignments.go:67.42,70.3 2 1
project-prism/server/internal/handlers/assignments.go:71.2,71.44 1 1
project-prism/server/internal/handlers/assignments.go:71.44,74.3 2 1
project-prism/server/internal/handlers/assignments.go:75.2,75.16 1 1
project-prism/server/internal/handlers/assignments.go:75.16,78.3 2 1
project-prism/server/internal/handlers/assignments.go:80.2,80.40 1 1
project-prism/server/internal/handlers/branches.go:32.85,34.2 1 1
project-prism/server/internal/handlers/branches.go:49.72,53.80 3 1
project-prism/server/internal/handlers/branches.go:53.80,54.40 1 1
project-prism/server/internal/handlers/branches.go:54.40,57.4 2 1
project-prism/server/internal/handlers/branches.go:58.3,59.9 2 1
project-prism/server/internal/handlers/branches.go:62.2,63.61 2 1
project-prism/server/internal/handlers/branches.go:63.61,66.3 2 1
project-prism/server/internal/handlers/branches.go:68.2,71.19 3 1
project-prism/server/internal/handlers/branches.go:71.19,74.3 2 1
project-prism/server/internal/handlers/branches.go:75.2,75.20 1 1
project-prism/server/internal/handlers/branches.go:75.20,78.3 2 1
project-prism/server/internal/handlers/branches.go:79.2,79.38 1 1
project-prism/server/internal/handlers/branches.go:79.38,82.3 2 1
project-prism/server/internal/handlers/branches.go:84.2,91.39 2 1
project-prism/server/internal/handlers/branches.go:91.39,94.3 2 1
project-prism/server/internal/handlers/branches.go:95.2,95.16 1 1
project-prism/server/internal/handlers/branches.go:95.16,98.3 2 1
project-prism/server/internal/handlers/branches.go:100.2,100.45 1 1
project-prism/server/internal/handlers/branches.go:103.72,108.80 4 1
project-prism/server/internal/handlers/branches.go:108.80,109.40 1 1
project-prism/server/internal/handlers/branches.go:109.40,112.4 2 1
project-prism/server/internal/handlers/branches.go:113.3,114.9 2 1
project-prism/server/internal/handlers/branches.go:117.2,118.61 2 1
project-prism/server/internal/handlers/branches.go:118.61,121.3 2 1
project-prism/server/internal/handlers/branches.go:123.2,124.20 2 1
project-prism/server/internal/handlers/branches.go:124.20,127.3 2 1
project-prism/server/internal/handlers/branches.go:128.2,128.38 1 1
project-prism/server/internal/handlers/branches.go:128.38,131.3 2 1
project-prism/server/internal/handlers/branches.go:133.2,138.39 2 1
project-prism/server/internal/handlers/branches.go:138.39,141.3 2 1
project-prism/server/internal/handlers/branches.go:142.2,142.16 1 1
project-prism/server/internal/handlers/branches.go:142.16,145.3 2 1
project-prism/server/internal/handlers/branches.go:147.2,147.40 1 1
project-prism/server/internal/handlers/branches.go:150.72,155.80 4 1
project-prism/server/internal/handlers/branches.go:155.80,156.40 1 1
project-prism/server/internal/handlers/branches.go:156.40,159.4 2 1
project-prism/server/internal/handlers/branches.go:160.3,161.9 2 1
project-prism/server/internal/handlers/branches.go:164.2,164.70 1 1
project-prism/server/internal/handlers/branches.go:164.70,165.40 1 1
project-prism/server/internal/handlers/branches.go:165.40,168.4 2 1
project-prism/server/internal/handlers/branches.go:169.3,170.9 2 1
project-prism/server/internal/handlers/branches.go:173.2,173.37 1 1
project-prism/server/internal/handlers/experiments.go:34.91,36.2 1 1
project-prism/server/internal/handlers/experiments.go:62.76,66.61 3 1
project-prism/server/internal/handlers/experiments.go:66.61,69.3 2 1
project-prism/server/internal/handlers/experiments.go:71.2,74.19 3 1
project-prism/server/internal/handlers/experiments.go:74.19,77.3 2 1
project-prism/server/internal/handlers/experiments.go:78.2,78.20 1 1
project-prism/server/internal/handlers/experiments.go:78.20,81.3 2 1
project-prism/server/internal/handlers/experiments.go:83.2,92.33 2 1
project-prism/server/internal/handlers/experiments.go:92.33,95.18 3 1
project-prism/server/internal/handlers/experiments.go:95.18,98.4 2 1
project-prism/server/internal/handlers/experiments.go:99.3,99.19 1 1
project-prism/server/internal/handlers/experiments.go:99.19,102.4 2 1
project-prism/server/internal/handlers/experiments.go:103.3,103.35 1 1
project-prism/server/internal/handlers/experiments.go:103.35,106.4 2 1
project-prism/server/internal/handlers/experiments.go:107.3,113.5 2 1
project-prism/server/internal/handlers/experiments.go:116.2,117.39 2 1
project-prism/server/internal/handlers/experiments.go:117.39,120.3 2 1
project-prism/server/internal/handlers/experiments.go:121.2,121.39 1 1
project-prism/server/internal/handlers/experiments.go:121.39,124.3 2 1
project-prism/server/internal/handlers/experiments.go:125.2,125.39 1 1
project-prism/server/internal/handlers/experiments.go:125.39,128.3 2 1
project-prism/server/internal/handlers/experiments.go:129.2,129.16 1 1
project-prism/server/internal/handlers/experiments.go:129.16,132.3 2 1
project-prism/server/internal/handlers/experiments.go:134.2,134.42 1 1
project-prism/server/internal/handlers/experiments.go:137.74,141.16 3 1
project-prism/server/internal/handlers/experiments.go:141.16,144.3 2 1
project-prism/server/internal/handlers/experiments.go:146.2,146.20 1 1
project-prism/server/internal/handlers/experiments.go:146.20,149.3 2 1
project-prism/server/internal/handlers/experiments.go:151.2,152.25 2 1
project-prism/server/internal/handlers/experiments.go:152.25,154.3 1 1
project-prism/server/internal/handlers/experiments.go:156.2,157.16 2 1
project-prism/server/internal/handlers/experiments.go:157.16,160.3 2 1
project-prism/server/internal/handlers/experiments.go:162.2,162.27 1 1
project-prism/server/internal/handlers/experiments.go:162.27,163.44 1 1
project-prism/server/internal/handlers/experiments.go:163.44,165.4 1 1
project-prism/server/internal/handlers/experiments.go:168.2,168.38 1 1
project-prism/server/internal/handlers/experiments.go:171.77,176.39 4 1
project-prism/server/internal/handlers/experiments.go:176.39,179.3 2 1
project-prism/server/internal/handlers/experiments.go:180.2,180.16 1 1
project-prism/server/internal/handlers/experiments.go:180.16,183.3 2 0
project-prism/server/internal/handlers/experiments.go:185.2,186.16 2 1
project-prism/server/internal/handlers/experiments.go:186.16,189.3 2 1
project-prism/server/internal/handlers/experiments.go:190.2,190.43 1 1
project-prism/server/internal/handlers/experiments.go:190.43,192.3 1 1
project-prism/server/internal/handlers/experiments.go:194.2,194.37 1 1
project-prism/server/internal/handlers/experiments.go:197.76,202.61 4 1
project-prism/server/internal/handlers/experiments.go:202.61,205.3 2 1
project-prism/server/internal/handlers/experiments.go:207.2,208.20 2 1
project-prism/server/internal/handlers/experiments.go:208.20,211.3 2 1
project-prism/server/internal/handlers/experiments.go:212.2,212.22 1 1
project-prism/server/internal/handlers/experiments.go:212.22,214.3 1 0
project-prism/server/internal/handlers/experiments.go:215.2,215.25 1 1
project-prism/server/internal/handlers/experiments.go:215.25,218.3 2 1
project-prism/server/internal/handlers/experiments.go:220.2,227.39 2 1
project-prism/server/internal/handlers/experiments.go:227.39,230.3 2 1
project-prism/server/internal/handlers/experiments.go:231.2,231.16 1 1
project-prism/server/internal/handlers/experiments.go:231.16,234.3 2 1
project-prism/server/internal/handlers/experiments.go:236.2,237.16 2 1
project-prism/server/internal/handlers/experiments.go:237.16,240.3 2 0
project-prism/server/internal/handlers/experiments.go:241.2,241.43 1 1
project-prism/server/internal/handlers/experiments.go:241.43,243.3 1 1
project-prism/server/internal/handlers/experiments.go:245.2,245.37 1 1
project-prism/server/internal/handlers/experiments.go:248.76,252.63 3 1
project-prism/server/internal/handlers/experiments.go:252.63,253.40 1 1
project-prism/server/internal/handlers/experiments.go:253.40,256.4 2 1
project-prism/server/internal/handlers/experiments.go:257.3,258.9 2 1
project-prism/server/internal/handlers/experiments.go:261.2,261.37 1 1
project-prism/server/internal/handlers/health.go:9.53,14.2 1 1
project-prism/server/internal/respond/respond.go:8.53,11.53 3 1
project-prism/server/internal/respond/respond.go:11.53,13.3 1 0
project-prism/server/internal/respond/respond.go:16.63,18.2 1 1
project-prism/server/internal/store/applications.go:19.53,21.2 1 1
project-prism/server/internal/store/applications.go:23.106,38.16 4 1
project-prism/server/internal/store/applications.go:38.16,40.3 1 0
project-prism/server/internal/store/applications.go:42.2,42.17 1 1
project-prism/server/internal/store/applications.go:45.85,53.16 3 1
project-prism/server/internal/store/applications.go:53.16,55.3 1 0
project-prism/server/internal/store/applications.go:56.2,59.18 3 1
project-prism/server/internal/store/applications.go:59.18,61.113 2 1
project-prism/server/internal/store/applications.go:61.113,63.4 1 0
project-prism/server/internal/store/applications.go:64.3,64.27 1 1
project-prism/server/internal/store/applications.go:66.2,66.35 1 1
project-prism/server/internal/store/applications.go:66.35,68.3 1 0
project-prism/server/internal/store/applications.go:70.2,70.18 1 1
project-prism/server/internal/store/applications.go:73.97,88.35 4 1
project-prism/server/internal/store/applications.go:88.35,90.3 1 0
project-prism/server/internal/store/applications.go:91.2,91.16 1 1
project-prism/server/internal/store/applications.go:91.16,93.3 1 0
project-prism/server/internal/store/applications.go:95.2,95.17 1 1
project-prism/server/internal/store/applications.go:98.105,113.35 4 1
project-prism/server/internal/store/applications.go:113.35,115.3 1 0
project-prism/server/internal/store/applications.go:116.2,116.16 1 1
project-prism/server/internal/store/applications.go:116.16,118.3 1 0
project-prism/server/internal/store/applications.go:120.2,120.17 1 1
project-prism/server/internal/store/applications.go:128.123,144.35 4 1
project-prism/server/internal/store/applications.go:144.35,146.3 1 0
project-prism/server/internal/store/applications.go:147.2,147.16 1 1
project-prism/server/internal/store/applications.go:147.16,149.3 1 0
project-prism/server/internal/store/applications.go:151.2,151.17 1 1
project-prism/server/internal/store/applications.go:154.73,156.16 2 1
project-prism/server/internal/store/applications.go:156.16,158.3 1 0
project-prism/server/internal/store/applications.go:159.2,170.64 3 1
project-prism/server/internal/store/applications.go:170.64,172.3 1 0
project-prism/server/internal/store/applications.go:174.2,179.67 2 1
project-prism/server/internal/store/applications.go:179.67,181.3 1 0
project-prism/server/internal/store/applications.go:183.2,189.16 3 1
project-prism/server/internal/store/applications.go:189.16,191.3 1 0
project-prism/server/internal/store/applications.go:192.2,192.29 1 1
project-prism/server/internal/store/applications.go:192.29,194.3 1 1
project-prism/server/internal/store/applications.go:196.2,196.39 1 1
project-prism/server/internal/store/applications.go:196.39,198.3 1 0
project-prism/server/internal/store/applications.go:200.2,200.12 1 1
project-prism/server/internal/store/assignments.go:28.51,30.2 1 0
project-prism/server/internal/store/assignments.go:32.95,34.16 2 0
project-prism/server/internal/store/assignments.go:34.16,36.3 1 0
project-prism/server/internal/store/assignments.go:38.2,39.16 2 0
project-prism/server/internal/store/assignments.go:39.16,41.3 1 0
project-prism/server/internal/store/assignments.go:42.2,42.19 1 0
project-prism/server/internal/store/assignments.go:42.19,44.3 1 0
project-prism/server/internal/store/assignments.go:46.2,47.16 2 0
project-prism/server/internal/store/assignments.go:47.16,49.3 1 0
project-prism/server/internal/store/assignments.go:50.2,50.24 1 0
project-prism/server/internal/store/assignments.go:50.24,52.3 1 0
project-prism/server/internal/store/assignments.go:54.2,55.16 2 0
project-prism/server/internal/store/assignments.go:55.16,57.3 1 0
project-prism/server/internal/store/assignments.go:59.2,60.16 2 0
project-prism/server/internal/store/assignments.go:60.16,62.3 1 0
project-prism/server/internal/store/assignments.go:64.2,64.54 1 0
project-prism/server/internal/store/assignments.go:74.143,87.35 4 0
project-prism/server/internal/store/assignments.go:87.35,89.3 1 0
project-prism/server/internal/store/assignments.go:90.2,90.16 1 0
project-prism/server/internal/store/assignments.go:90.16,92.3 1 0
project-prism/server/internal/store/assignments.go:94.2,95.56 2 0
project-prism/server/internal/store/assignments.go:95.56,97.3 1 0
project-prism/server/internal/store/assignments.go:98.2,98.68 1 0
project-prism/server/internal/store/assignments.go:98.68,100.3 1 0
project-prism/server/internal/store/assignments.go:101.2,101.65 1 0
project-prism/server/internal/store/assignments.go:101.65,103.3 1 0
project-prism/server/internal/store/assignments.go:105.2,105.24 1 0
project-prism/server/internal/store/assignments.go:108.127,126.35 4 0
project-prism/server/internal/store/assignments.go:126.35,128.3 1 0
project-prism/server/internal/store/assignments.go:129.2,129.16 1 0
project-prism/server/internal/store/assignments.go:129.16,131.3 1 0
project-prism/server/internal/store/assignments.go:133.2,133.20 1 0
project-prism/server/internal/store/assignments.go:136.114,144.16 3 0
project-prism/server/internal/store/assignments.go:144.16,146.3 1 0
project-prism/server/internal/store/assignments.go:147.2,150.18 3 0
project-prism/server/internal/store/assignments.go:150.18,159.17 2 0
project-prism/server/internal/store/assignments.go:159.17,161.4 1 0
project-prism/server/internal/store/assignments.go:162.3,162.38 1 0
project-prism/server/internal/store/assignments.go:164.2,164.35 1 0
project-prism/server/internal/store/assignments.go:164.35,166.3 1 0
project-prism/server/internal/store/assignments.go:168.2,168.22 1 0
project-prism/server/internal/store/assignments.go:171.135,183.119 3 0
project-prism/server/internal/store/assignments.go:183.119,185.3 1 0
project-prism/server/internal/store/assignments.go:187.2,187.30 1 0
project-prism/server/internal/store/assignments.go:190.117,205.35 4 0
project-prism/server/internal/store/assignments.go:205.35,207.3 1 0
project-prism/server/internal/store/assignments.go:208.2,208.16 1 0
project-prism/server/internal/store/assignments.go:208.16,210.3 1 0
project-prism/server/internal/store/assignments.go:212.2,212.20 1 0
project-prism/server/internal/store/assignments.go:215.115,217.34 2 1
project-prism/server/internal/store/assignments.go:217.34,219.3 1 1
project-prism/server/internal/store/assignments.go:220.2,220.22 1 1
project-prism/server/internal/store/assignments.go:220.22,222.3 1 1
project-prism/server/internal/store/assignments.go:226.2,231.34 5 1
project-prism/server/internal/store/assignments.go:231.34,233.50 2 1
project-prism/server/internal/store/assignments.go:233.50,235.4 1 1
project-prism/server/internal/store/assignments.go:238.2,238.30 1 0
project-prism/server/internal/store/branches.go:32.43,34.2 1 1
project-prism/server/internal/store/branches.go:36.97,46.16 4 1
project-prism/server/internal/store/branches.go:46.16,48.3 1 0
project-prism/server/internal/store/branches.go:50.2,50.15 1 1
project-prism/server/internal/store/branches.go:53.110,55.2 1 0
project-prism/server/internal/store/branches.go:59.125,60.29 1 1
project-prism/server/internal/store/branches.go:60.29,62.3 1 1
project-prism/server/internal/store/branches.go:64.2,71.16 3 1
project-prism/server/internal/store/branches.go:71.16,73.3 1 0
project-prism/server/internal/store/branches.go:74.2,77.18 3 1
project-prism/server/internal/store/branches.go:77.18,79.104 2 1
project-prism/server/internal/store/branches.go:79.104,81.4 1 0
project-prism/server/internal/store/branches.go:82.3,82.61 1 1
project-prism/server/internal/store/branches.go:84.2,84.35 1 1
project-prism/server/internal/store/branches.go:84.35,86.3 1 0
project-prism/server/internal/store/branches.go:88.2,88.20 1 1
project-prism/server/internal/store/branches.go:91.101,101.35 4 1
project-prism/server/internal/store/branches.go:101.35,103.3 1 1
project-prism/server/internal/store/branches.go:104.2,104.16 1 1
project-prism/server/internal/store/branches.go:104.16,106.3 1 0
project-prism/server/internal/store/branches.go:108.2,108.15 1 1
project-prism/server/internal/store/branches.go:111.122,122.35 4 1
project-prism/server/internal/store/branches.go:122.35,124.3 1 0
project-prism/server/internal/store/branches.go:125.2,125.16 1 1
project-prism/server/internal/store/branches.go:125.16,127.3 1 0
project-prism/server/internal/store/branches.go:129.2,129.15 1 1
project-prism/server/internal/store/branches.go:132.82,139.16 3 1
project-prism/server/internal/store/branches.go:139.16,141.3 1 0
project-prism/server/internal/store/branches.go:142.2,142.29 1 1
project-prism/server/internal/store/branches.go:142.29,144.3 1 1
project-prism/server/internal/store/branches.go:146.2,146.12 1 1
project-prism/server/internal/store/branches.go:149.104,151.16 2 0
project-prism/server/internal/store/branches.go:151.16,153.3 1 0
project-prism/server/internal/store/branches.go:154.2,154.29 1 0
project-prism/server/internal/store/branches.go:154.29,155.50 1 0
project-prism/server/internal/store/branches.go:155.50,157.4 1 0
project-prism/server/internal/store/branches.go:158.3,158.33 1 0
project-prism/server/internal/store/branches.go:160.2,161.33 2 0
project-prism/server/internal/store/branches.go:161.33,163.3 1 0
project-prism/server/internal/store/branches.go:164.2,164.17 1 0
project-prism/server/internal/store/branches.go:167.52,169.28 2 1
project-prism/server/internal/store/branches.go:169.28,170.21 1 1
project-prism/server/internal/store/branches.go:171.16,172.22 1 1
project-prism/server/internal/store/branches.go:173.16,174.22 1 1
project-prism/server/internal/store/branches.go:177.2,177.38 1 0
project-prism/server/internal/store/branches.go:181.48,182.17 1 1
project-prism/server/internal/store/branches.go:182.17,184.3 1 1
project-prism/server/internal/store/branches.go:185.2,185.10 1 1
project-prism/server/internal/store/experiments.go:39.51,41.2 1 1
project-prism/server/internal/store/experiments.go:43.109,44.80 1 1
project-prism/server/internal/store/experiments.go:44.80,46.3 1 0
project-prism/server/internal/store/experiments.go:48.2,48.25 1 1
project-prism/server/internal/store/experiments.go:48.25,50.3 1 1
project-prism/server/internal/store/experiments.go:51.2,51.43 1 1
project-prism/server/internal/store/experiments.go:54.115,62.35 4 1
project-prism/server/internal/store/experiments.go:62.35,64.3 1 1
project-prism/server/internal/store/experiments.go:65.2,65.16 1 1
project-prism/server/internal/store/experiments.go:65.16,67.3 1 0
project-prism/server/internal/store/experiments.go:68.2,68.46 1 1
project-prism/server/internal/store/experiments.go:68.46,70.3 1 1
project-prism/server/internal/store/experiments.go:72.2,72.12 1 1
project-prism/server/internal/store/experiments.go:75.133,88.16 4 1
project-prism/server/internal/store/experiments.go:88.16,90.3 1 0
project-prism/server/internal/store/experiments.go:92.2,92.17 1 1
project-prism/server/internal/store/experiments.go:95.121,97.16 2 1
project-prism/server/internal/store/experiments.go:97.16,99.3 1 0
project-prism/server/internal/store/experiments.go:100.2,103.16 3 1
project-prism/server/internal/store/experiments.go:103.16,105.3 1 0
project-prism/server/internal/store/experiments.go:107.2,112.32 2 1
project-prism/server/internal/store/experiments.go:112.32,117.17 3 1
project-prism/server/internal/store/experiments.go:117.17,119.4 1 0
project-prism/server/internal/store/experiments.go:120.3,120.41 1 1
project-prism/server/internal/store/experiments.go:123.2,123.39 1 1
project-prism/server/internal/store/experiments.go:123.39,125.3 1 0
project-prism/server/internal/store/experiments.go:127.2,127.17 1 1
project-prism/server/internal/store/experiments.go:130.105,138.16 3 1
project-prism/server/internal/store/experiments.go:138.16,140.3 1 0
project-prism/server/internal/store/experiments.go:141.2,144.18 3 1
project-prism/server/internal/store/experiments.go:144.18,149.17 2 1
project-prism/server/internal/store/experiments.go:149.17,151.4 1 0
project-prism/server/internal/store/experiments.go:152.3,152.27 1 1
project-prism/server/internal/store/experiments.go:154.2,154.35 1 1
project-prism/server/internal/store/experiments.go:154.35,156.3 1 0
project-prism/server/internal/store/experiments.go:158.2,158.18 1 1
project-prism/server/internal/store/experiments.go:161.110,172.35 4 1
project-prism/server/internal/store/experiments.go:172.35,174.3 1 0
project-prism/server/internal/store/experiments.go:175.2,175.16 1 1
project-prism/server/internal/store/experiments.go:175.16,177.3 1 0
project-prism/server/internal/store/experiments.go:179.2,179.17 1 1
project-prism/server/internal/store/experiments.go:182.135,196.35 4 1
project-prism/server/internal/store/experiments.go:196.35,198.3 1 0
project-prism/server/internal/store/experiments.go:199.2,199.16 1 1
project-prism/server/internal/store/experiments.go:199.16,201.3 1 0
project-prism/server/internal/store/experiments.go:203.2,203.17 1 1
project-prism/server/internal/store/experiments.go:206.56,208.28 2 1
project-prism/server/internal/store/experiments.go:208.28,209.21 1 1
project-prism/server/internal/store/experiments.go:210.16,211.22 1 1
project-prism/server/internal/store/experiments.go:212.16,213.22 1 1
project-prism/server/internal/store/experiments.go:216.2,216.38 1 0
project-prism/server/internal/store/experiments.go:219.87,221.16 2 1
project-prism/server/internal/store/experiments.go:221.16,223.3 1 0
project-prism/server/internal/store/experiments.go:224.2,231.64 3 1
project-prism/server/internal/store/experiments.go:231.64,233.3 1 0
project-prism/server/internal/store/experiments.go:235.2,241.16 3 1
project-prism/server/internal/store/experiments.go:241.16,243.3 1 0
project-prism/server/internal/store/experiments.go:244.2,244.29 1 1
project-prism/server/internal/store/experiments.go:244.29,246.3 1 0
project-prism/server/internal/store/experiments.go:248.2,248.39 1 1
project-prism/server/internal/store/experiments.go:248.39,250.3 1 0
project-prism/server/internal/store/experiments.go:252.2,252.12 1 1
